Flutter crash report.
Please report a bug at https://github.com/flutter/flutter/issues.

## command

flutter run

## exception

RPCError: ext.flutter.debugDumpFocusTree: (-32603) Unexpected DWDS error for callServiceExtension: Unexpected error from chrome devtools:
text: Uncaught (in promise)
exception:
  preview: null
  description: null
  type: string
  value: Unexpected null value.
attempted JS eval: `require("dart_sdk").developer.invokeExtension(
    "ext.flutter.debugDumpFocusTree", JSON.stringify({}));
`


```
#0      new _OutstandingRequest (package:vm_service/src/vm_service.dart:1928:45)
#1      VmService._call (package:vm_service/src/vm_service.dart:2493:21)
#2      VmService.callServiceExtension (package:vm_service/src/vm_service.dart:2464:14)
#3      FlutterVmService._checkedCallServiceExtension (package:flutter_tools/src/vmservice.dart:959:28)
#4      FlutterVmService.invokeFlutterExtensionRpcRaw (package:flutter_tools/src/vmservice.dart:978:49)
#5      FlutterVmService.flutterDebugDumpFocusTree (package:flutter_tools/src/vmservice.dart:723:50)
#6      ResidentHandlers.debugDumpFocusTree (package:flutter_tools/src/resident_runner.dart:772:53)
<asynchronous suspension>
#7      TerminalHandler.processTerminalInput (package:flutter_tools/src/resident_runner.dart:1831:7)
<asynchronous suspension>
```

## flutter doctor

```
[32m[✓][39m Flutter (Channel stable, 3.13.7, on Microsoft Windows [Version 10.0.19045.3930], locale en-US)
    [32m•[39m Flutter version 3.13.7 on channel stable at E:\Flutter\flutter
    [32m•[39m Upstream repository https://github.com/flutter/flutter.git
    [32m•[39m Framework revision 2f708eb839 (4 months ago), 2023-10-09 09:58:08 -0500
    [32m•[39m Engine revision a794cf2681
    [32m•[39m Dart version 3.1.3
    [32m•[39m DevTools version 2.25.0

[32m[✓][39m Windows Version (Installed version of Windows is version 10 or higher)

[31m[✗][39m Android toolchain - develop for Android devices
    [31m✗[39m Unable to locate Android SDK.
      Install Android Studio from: https://developer.android.com/studio/index.html
      On first launch it will assist you in installing the Android SDK components.
      (or visit https://flutter.dev/docs/get-started/install/windows#android-setup for detailed instructions).
      If the Android SDK has been installed to a custom location, please use
      `flutter config --android-sdk` to update to that location.


[32m[✓][39m Chrome - develop for the web
    [32m•[39m Chrome at C:\Program Files\Google\Chrome\Application\chrome.exe

[33m[!][39m Visual Studio - develop Windows apps (Visual Studio Community 2022 17.6.5)
    [32m•[39m Visual Studio at C:\Program Files\Microsoft Visual Studio\2022\Community
    [32m•[39m Visual Studio Community 2022 version 17.6.33829.357
    [32m•[39m Windows 10 SDK version 10.0.22000.0
    [31m✗[39m Visual Studio is missing necessary components. Please re-run the Visual Studio installer for the "Desktop development with C++" workload, and include
      these components:
        MSVC v142 - VS 2019 C++ x64/x86 build tools
         - If there are multiple build tool versions available, install the latest
        C++ CMake tools for Windows
        Windows 10 SDK

[32m[✓][39m Android Studio (version 2022.3)
    [32m•[39m Android Studio at E:\Flutter\Android Studio
    [32m•[39m Flutter plugin can be installed from:
      🔨 https://plugins.jetbrains.com/plugin/9212-flutter
    [32m•[39m Dart plugin can be installed from:
      🔨 https://plugins.jetbrains.com/plugin/6351-dart
    [32m•[39m Java version OpenJDK Runtime Environment (build 17.0.6+0-b2043.56-10027231)

[32m[✓][39m VS Code (version 1.86.0)
    [32m•[39m VS Code at C:\Users\mahmo\AppData\Local\Programs\Microsoft VS Code
    [32m•[39m Flutter extension version 3.82.0

[32m[✓][39m Connected device (3 available)
    [32m•[39m Windows (desktop) • windows • windows-x64    • Microsoft Windows [Version 10.0.19045.3930]
    [32m•[39m Chrome (web)      • chrome  • web-javascript • Google Chrome 121.0.6167.140
    [32m•[39m Edge (web)        • edge    • web-javascript • Microsoft Edge 121.0.2277.98

[32m[✓][39m Network resources
    [32m•[39m All expected network resources are available.

[33m![39m Doctor found issues in 2 categories.
```
